<?xml version="1.0" encoding="UTF-8"?>
<!-- Generated by org.testng.reporters.JUnitReportReporter -->
<testsuite skipped="0" hostname="OKM-DEV-F0RZ7H2" name="com.selenium.common.tests.SeleniumBrowsersTest" tests="3" failures="0" timestamp="06 Aug 2019 21:14:56 GMT" time="36.348" errors="0">
  <testcase name="testOpenFirefoxBrowserUsingJenkinsURL_assertURLIsJenkins" time="11.748" classname="com.selenium.common.tests.SeleniumBrowsersTest"/>
  <testcase name="testOpenChromeBrowserUsingJenkinsURL_assertURLIsJenkins" time="7.778" classname="com.selenium.common.tests.SeleniumBrowsersTest"/>
  <testcase name="testOpenIEBrowserUsingJenkinsURL_assertURLIsJenkins" time="16.822" classname="com.selenium.common.tests.SeleniumBrowsersTest"/>
</testsuite> <!-- com.selenium.common.tests.SeleniumBrowsersTest -->
