<?xml version="1.0" encoding="UTF-8"?>
<testsuite xmlns:xsi="http://www.w3.org/2001/XMLSchema-instance" xsi:noNamespaceSchemaLocation="https://maven.apache.org/surefire/maven-surefire-plugin/xsd/surefire-test-report-3.0.xsd" version="3.0" name="TestSuite" time="37.235" tests="3" errors="0" skipped="0" failures="0">
  <properties>
    <property name="sun.desktop" value="windows"/>
    <property name="awt.toolkit" value="sun.awt.windows.WToolkit"/>
    <property name="file.encoding.pkg" value="sun.io"/>
    <property name="java.specification.version" value="1.8"/>
    <property name="sun.cpu.isalist" value="amd64"/>
    <property name="sun.jnu.encoding" value="Cp1252"/>
    <property name="java.class.path" value="C:\accurev_workspaces\qa_ets_tests_cvsmigration_dev\SeleniumTests\target\test-classes;C:\accurev_workspaces\qa_ets_tests_cvsmigration_dev\SeleniumTests\target\classes;C:\Users\mdharmagiri\.m2\repository\org\projectlombok\lombok\1.18.8\lombok-1.18.8.jar;C:\Users\mdharmagiri\.m2\repository\org\testng\testng\6.14.2\testng-6.14.2.jar;C:\Users\mdharmagiri\.m2\repository\com\beust\jcommander\1.72\jcommander-1.72.jar;C:\Users\mdharmagiri\.m2\repository\org\apache-extras\beanshell\bsh\2.0b6\bsh-2.0b6.jar;C:\Users\mdharmagiri\.m2\repository\org\seleniumhq\selenium\selenium-server\3.141.59\selenium-server-3.141.59.jar;C:\Users\mdharmagiri\.m2\repository\org\seleniumhq\selenium\selenium-chrome-driver\3.141.59\selenium-chrome-driver-3.141.59.jar;C:\Users\mdharmagiri\.m2\repository\org\seleniumhq\selenium\selenium-edge-driver\3.141.59\selenium-edge-driver-3.141.59.jar;C:\Users\mdharmagiri\.m2\repository\org\seleniumhq\selenium\selenium-firefox-driver\3.141.59\selenium-firefox-driver-3.141.59.jar;C:\Users\mdharmagiri\.m2\repository\org\seleniumhq\selenium\selenium-ie-driver\3.141.59\selenium-ie-driver-3.141.59.jar;C:\Users\mdharmagiri\.m2\repository\org\seleniumhq\selenium\selenium-opera-driver\3.141.59\selenium-opera-driver-3.141.59.jar;C:\Users\mdharmagiri\.m2\repository\org\seleniumhq\selenium\selenium-safari-driver\3.141.59\selenium-safari-driver-3.141.59.jar;C:\Users\mdharmagiri\.m2\repository\net\bytebuddy\byte-buddy\1.8.15\byte-buddy-1.8.15.jar;C:\Users\mdharmagiri\.m2\repository\org\apache\commons\commons-exec\1.3\commons-exec-1.3.jar;C:\Users\mdharmagiri\.m2\repository\com\google\guava\guava\25.0-jre\guava-25.0-jre.jar;C:\Users\mdharmagiri\.m2\repository\com\google\code\findbugs\jsr305\1.3.9\jsr305-1.3.9.jar;C:\Users\mdharmagiri\.m2\repository\org\checkerframework\checker-compat-qual\2.0.0\checker-compat-qual-2.0.0.jar;C:\Users\mdharmagiri\.m2\repository\com\google\errorprone\error_prone_annotations\2.1.3\error_prone_annotations-2.1.3.jar;C:\Users\mdharmagiri\.m2\repository\com\google\j2objc\j2objc-annotations\1.1\j2objc-annotations-1.1.jar;C:\Users\mdharmagiri\.m2\repository\org\codehaus\mojo\animal-sniffer-annotations\1.14\animal-sniffer-annotations-1.14.jar;C:\Users\mdharmagiri\.m2\repository\net\jcip\jcip-annotations\1.0\jcip-annotations-1.0.jar;C:\Users\mdharmagiri\.m2\repository\org\seleniumhq\selenium\jetty-repacked\9.4.12.v20180830\jetty-repacked-9.4.12.v20180830.jar;C:\Users\mdharmagiri\.m2\repository\com\squareup\okhttp3\okhttp\3.11.0\okhttp-3.11.0.jar;C:\Users\mdharmagiri\.m2\repository\com\squareup\okio\okio\1.14.0\okio-1.14.0.jar;C:\Users\mdharmagiri\.m2\repository\javax\servlet\javax.servlet-api\3.1.0\javax.servlet-api-3.1.0.jar;C:\Users\mdharmagiri\.m2\repository\org\yaml\snakeyaml\1.19\snakeyaml-1.19.jar;C:\Users\mdharmagiri\.m2\repository\org\seleniumhq\selenium\selenium-java\3.141.59\selenium-java-3.141.59.jar;C:\Users\mdharmagiri\.m2\repository\org\seleniumhq\selenium\selenium-support\3.141.59\selenium-support-3.141.59.jar;C:\Users\mdharmagiri\.m2\repository\org\seleniumhq\selenium\selenium-api\3.141.59\selenium-api-3.141.59.jar;C:\Users\mdharmagiri\.m2\repository\org\seleniumhq\selenium\selenium-remote-driver\3.141.59\selenium-remote-driver-3.141.59.jar;C:\Users\mdharmagiri\.m2\repository\com\roosevelt\qtest\qtest-integration\1.0-SNAPSHOT\qtest-integration-1.0-SNAPSHOT.jar;C:\Users\mdharmagiri\.m2\repository\com\qasymphony\qtest\qtest-sdk-java\1.4.9\qtest-sdk-java-1.4.9.jar;C:\Users\mdharmagiri\.m2\repository\com\fasterxml\jackson\core\jackson-core\2.8.8\jackson-core-2.8.8.jar;C:\Users\mdharmagiri\.m2\repository\com\fasterxml\jackson\core\jackson-databind\2.8.8\jackson-databind-2.8.8.jar;C:\Users\mdharmagiri\.m2\repository\com\fasterxml\jackson\core\jackson-annotations\2.8.8\jackson-annotations-2.8.8.jar;C:\Users\mdharmagiri\.m2\repository\commons-collections\commons-collections\3.2.2\commons-collections-3.2.2.jar;C:\Users\mdharmagiri\.m2\repository\commons-io\commons-io\2.5\commons-io-2.5.jar;C:\Users\mdharmagiri\.m2\repository\io\cucumber\cucumber-core\2.3.1\cucumber-core-2.3.1.jar;C:\Users\mdharmagiri\.m2\repository\info\cukes\cucumber-html\0.2.6\cucumber-html-0.2.6.jar;C:\Users\mdharmagiri\.m2\repository\io\cucumber\cucumber-jvm-deps\1.0.6\cucumber-jvm-deps-1.0.6.jar;C:\Users\mdharmagiri\.m2\repository\io\cucumber\gherkin\5.0.0\gherkin-5.0.0.jar;C:\Users\mdharmagiri\.m2\repository\io\cucumber\tag-expressions\1.1.1\tag-expressions-1.1.1.jar;C:\Users\mdharmagiri\.m2\repository\org\slf4j\slf4j-api\1.7.25\slf4j-api-1.7.25.jar;C:\Users\mdharmagiri\.m2\repository\org\apache\commons\commons-lang3\3.8\commons-lang3-3.8.jar;C:\Users\mdharmagiri\.m2\repository\com\selenium\SeleniumFramework\0.0.1-SNAPSHOT\SeleniumFramework-0.0.1-SNAPSHOT.jar;C:\Users\mdharmagiri\.m2\repository\com\mashape\unirest\unirest-java\1.4.9\unirest-java-1.4.9.jar;C:\Users\mdharmagiri\.m2\repository\org\apache\httpcomponents\httpclient\4.5.2\httpclient-4.5.2.jar;C:\Users\mdharmagiri\.m2\repository\org\apache\httpcomponents\httpcore\4.4.4\httpcore-4.4.4.jar;C:\Users\mdharmagiri\.m2\repository\commons-logging\commons-logging\1.2\commons-logging-1.2.jar;C:\Users\mdharmagiri\.m2\repository\commons-codec\commons-codec\1.9\commons-codec-1.9.jar;C:\Users\mdharmagiri\.m2\repository\org\apache\httpcomponents\httpasyncclient\4.1.1\httpasyncclient-4.1.1.jar;C:\Users\mdharmagiri\.m2\repository\org\apache\httpcomponents\httpcore-nio\4.4.4\httpcore-nio-4.4.4.jar;C:\Users\mdharmagiri\.m2\repository\org\apache\httpcomponents\httpmime\4.5.2\httpmime-4.5.2.jar;C:\Users\mdharmagiri\.m2\repository\org\json\json\20160212\json-20160212.jar;C:\Users\mdharmagiri\.m2\repository\net\sourceforge\jexcelapi\jxl\2.6.12\jxl-2.6.12.jar;C:\Users\mdharmagiri\.m2\repository\log4j\log4j\1.2.14\log4j-1.2.14.jar;C:\Users\mdharmagiri\.m2\repository\org\apache\pdfbox\pdfbox-app\2.0.13\pdfbox-app-2.0.13.jar;C:\Users\mdharmagiri\.m2\repository\org\hamcrest\hamcrest-core\1.3\hamcrest-core-1.3.jar;C:\Users\mdharmagiri\.m2\repository\org\hamcrest\hamcrest-library\1.3\hamcrest-library-1.3.jar;C:\Users\mdharmagiri\.m2\repository\com\oracle\jdbc\ojdbc6\12.1.0.2\ojdbc6-12.1.0.2.jar;C:\Users\mdharmagiri\.m2\repository\com\oracle\jdbc\xdb6\12.1.0.2\xdb6-12.1.0.2.jar;C:\Users\mdharmagiri\.m2\repository\com\oracle\jdbc\orai18n\12.1.0.2\orai18n-12.1.0.2.jar;C:\Users\mdharmagiri\.m2\repository\com\oracle\jdbc\xmlparserv2\12.1.0.2\xmlparserv2-12.1.0.2.jar;C:\Users\mdharmagiri\.m2\repository\com\oracle\jdbc\oraclepki\12.1.0.2\oraclepki-12.1.0.2.jar;C:\Users\mdharmagiri\.m2\repository\com\oracle\jdbc\osdt_cert\12.1.0.2\osdt_cert-12.1.0.2.jar;C:\Users\mdharmagiri\.m2\repository\com\oracle\jdbc\osdt_core\12.1.0.2\osdt_core-12.1.0.2.jar;C:\Users\mdharmagiri\.m2\repository\marathon\marathon\5.0\marathon-5.0.jar;C:\Users\mdharmagiri\.m2\repository\marathon\marathon-core\5.0\marathon-core-5.0.jar;C:\Users\mdharmagiri\.m2\repository\marathon\marathon-java\5.0\marathon-java-5.0.jar;C:\Users\mdharmagiri\.m2\repository\marathon\marathon-java-agent\5.0\marathon-java-agent-5.0.jar;C:\Users\mdharmagiri\.m2\repository\marathon\marathon-java-driver\5.0\marathon-java-driver-5.0.jar;C:\Users\mdharmagiri\.m2\repository\marathon\marathon-java-runtime\5.0\marathon-java-runtime-5.0.jar;"/>
    <property name="java.vm.vendor" value="Oracle Corporation"/>
    <property name="sun.arch.data.model" value="64"/>
    <property name="user.variant" value=""/>
    <property name="java.vendor.url" value="http://java.oracle.com/"/>
    <property name="user.timezone" value="America/New_York"/>
    <property name="java.vm.specification.version" value="1.8"/>
    <property name="os.name" value="Windows 10"/>
    <property name="user.country" value="US"/>
    <property name="sun.java.launcher" value="SUN_STANDARD"/>
    <property name="sun.boot.library.path" value="C:\Development\jdk8_201\jre\bin"/>
    <property name="sun.java.command" value="C:\Users\mdharmagiri\AppData\Local\Temp\1\surefire4694419652248678296\surefirebooter1078351949224963508.jar C:\Users\mdharmagiri\AppData\Local\Temp\1\surefire4694419652248678296 2019-08-06T17-14-17_116-jvmRun1 surefire4261265719195739872tmp surefire_08602040109302015711tmp"/>
    <property name="surefire.test.class.path" value="C:\accurev_workspaces\qa_ets_tests_cvsmigration_dev\SeleniumTests\target\test-classes;C:\accurev_workspaces\qa_ets_tests_cvsmigration_dev\SeleniumTests\target\classes;C:\Users\mdharmagiri\.m2\repository\org\projectlombok\lombok\1.18.8\lombok-1.18.8.jar;C:\Users\mdharmagiri\.m2\repository\org\testng\testng\6.14.2\testng-6.14.2.jar;C:\Users\mdharmagiri\.m2\repository\com\beust\jcommander\1.72\jcommander-1.72.jar;C:\Users\mdharmagiri\.m2\repository\org\apache-extras\beanshell\bsh\2.0b6\bsh-2.0b6.jar;C:\Users\mdharmagiri\.m2\repository\org\seleniumhq\selenium\selenium-server\3.141.59\selenium-server-3.141.59.jar;C:\Users\mdharmagiri\.m2\repository\org\seleniumhq\selenium\selenium-chrome-driver\3.141.59\selenium-chrome-driver-3.141.59.jar;C:\Users\mdharmagiri\.m2\repository\org\seleniumhq\selenium\selenium-edge-driver\3.141.59\selenium-edge-driver-3.141.59.jar;C:\Users\mdharmagiri\.m2\repository\org\seleniumhq\selenium\selenium-firefox-driver\3.141.59\selenium-firefox-driver-3.141.59.jar;C:\Users\mdharmagiri\.m2\repository\org\seleniumhq\selenium\selenium-ie-driver\3.141.59\selenium-ie-driver-3.141.59.jar;C:\Users\mdharmagiri\.m2\repository\org\seleniumhq\selenium\selenium-opera-driver\3.141.59\selenium-opera-driver-3.141.59.jar;C:\Users\mdharmagiri\.m2\repository\org\seleniumhq\selenium\selenium-safari-driver\3.141.59\selenium-safari-driver-3.141.59.jar;C:\Users\mdharmagiri\.m2\repository\net\bytebuddy\byte-buddy\1.8.15\byte-buddy-1.8.15.jar;C:\Users\mdharmagiri\.m2\repository\org\apache\commons\commons-exec\1.3\commons-exec-1.3.jar;C:\Users\mdharmagiri\.m2\repository\com\google\guava\guava\25.0-jre\guava-25.0-jre.jar;C:\Users\mdharmagiri\.m2\repository\com\google\code\findbugs\jsr305\1.3.9\jsr305-1.3.9.jar;C:\Users\mdharmagiri\.m2\repository\org\checkerframework\checker-compat-qual\2.0.0\checker-compat-qual-2.0.0.jar;C:\Users\mdharmagiri\.m2\repository\com\google\errorprone\error_prone_annotations\2.1.3\error_prone_annotations-2.1.3.jar;C:\Users\mdharmagiri\.m2\repository\com\google\j2objc\j2objc-annotations\1.1\j2objc-annotations-1.1.jar;C:\Users\mdharmagiri\.m2\repository\org\codehaus\mojo\animal-sniffer-annotations\1.14\animal-sniffer-annotations-1.14.jar;C:\Users\mdharmagiri\.m2\repository\net\jcip\jcip-annotations\1.0\jcip-annotations-1.0.jar;C:\Users\mdharmagiri\.m2\repository\org\seleniumhq\selenium\jetty-repacked\9.4.12.v20180830\jetty-repacked-9.4.12.v20180830.jar;C:\Users\mdharmagiri\.m2\repository\com\squareup\okhttp3\okhttp\3.11.0\okhttp-3.11.0.jar;C:\Users\mdharmagiri\.m2\repository\com\squareup\okio\okio\1.14.0\okio-1.14.0.jar;C:\Users\mdharmagiri\.m2\repository\javax\servlet\javax.servlet-api\3.1.0\javax.servlet-api-3.1.0.jar;C:\Users\mdharmagiri\.m2\repository\org\yaml\snakeyaml\1.19\snakeyaml-1.19.jar;C:\Users\mdharmagiri\.m2\repository\org\seleniumhq\selenium\selenium-java\3.141.59\selenium-java-3.141.59.jar;C:\Users\mdharmagiri\.m2\repository\org\seleniumhq\selenium\selenium-support\3.141.59\selenium-support-3.141.59.jar;C:\Users\mdharmagiri\.m2\repository\org\seleniumhq\selenium\selenium-api\3.141.59\selenium-api-3.141.59.jar;C:\Users\mdharmagiri\.m2\repository\org\seleniumhq\selenium\selenium-remote-driver\3.141.59\selenium-remote-driver-3.141.59.jar;C:\Users\mdharmagiri\.m2\repository\com\roosevelt\qtest\qtest-integration\1.0-SNAPSHOT\qtest-integration-1.0-SNAPSHOT.jar;C:\Users\mdharmagiri\.m2\repository\com\qasymphony\qtest\qtest-sdk-java\1.4.9\qtest-sdk-java-1.4.9.jar;C:\Users\mdharmagiri\.m2\repository\com\fasterxml\jackson\core\jackson-core\2.8.8\jackson-core-2.8.8.jar;C:\Users\mdharmagiri\.m2\repository\com\fasterxml\jackson\core\jackson-databind\2.8.8\jackson-databind-2.8.8.jar;C:\Users\mdharmagiri\.m2\repository\com\fasterxml\jackson\core\jackson-annotations\2.8.8\jackson-annotations-2.8.8.jar;C:\Users\mdharmagiri\.m2\repository\commons-collections\commons-collections\3.2.2\commons-collections-3.2.2.jar;C:\Users\mdharmagiri\.m2\repository\commons-io\commons-io\2.5\commons-io-2.5.jar;C:\Users\mdharmagiri\.m2\repository\io\cucumber\cucumber-core\2.3.1\cucumber-core-2.3.1.jar;C:\Users\mdharmagiri\.m2\repository\info\cukes\cucumber-html\0.2.6\cucumber-html-0.2.6.jar;C:\Users\mdharmagiri\.m2\repository\io\cucumber\cucumber-jvm-deps\1.0.6\cucumber-jvm-deps-1.0.6.jar;C:\Users\mdharmagiri\.m2\repository\io\cucumber\gherkin\5.0.0\gherkin-5.0.0.jar;C:\Users\mdharmagiri\.m2\repository\io\cucumber\tag-expressions\1.1.1\tag-expressions-1.1.1.jar;C:\Users\mdharmagiri\.m2\repository\org\slf4j\slf4j-api\1.7.25\slf4j-api-1.7.25.jar;C:\Users\mdharmagiri\.m2\repository\org\apache\commons\commons-lang3\3.8\commons-lang3-3.8.jar;C:\Users\mdharmagiri\.m2\repository\com\selenium\SeleniumFramework\0.0.1-SNAPSHOT\SeleniumFramework-0.0.1-SNAPSHOT.jar;C:\Users\mdharmagiri\.m2\repository\com\mashape\unirest\unirest-java\1.4.9\unirest-java-1.4.9.jar;C:\Users\mdharmagiri\.m2\repository\org\apache\httpcomponents\httpclient\4.5.2\httpclient-4.5.2.jar;C:\Users\mdharmagiri\.m2\repository\org\apache\httpcomponents\httpcore\4.4.4\httpcore-4.4.4.jar;C:\Users\mdharmagiri\.m2\repository\commons-logging\commons-logging\1.2\commons-logging-1.2.jar;C:\Users\mdharmagiri\.m2\repository\commons-codec\commons-codec\1.9\commons-codec-1.9.jar;C:\Users\mdharmagiri\.m2\repository\org\apache\httpcomponents\httpasyncclient\4.1.1\httpasyncclient-4.1.1.jar;C:\Users\mdharmagiri\.m2\repository\org\apache\httpcomponents\httpcore-nio\4.4.4\httpcore-nio-4.4.4.jar;C:\Users\mdharmagiri\.m2\repository\org\apache\httpcomponents\httpmime\4.5.2\httpmime-4.5.2.jar;C:\Users\mdharmagiri\.m2\repository\org\json\json\20160212\json-20160212.jar;C:\Users\mdharmagiri\.m2\repository\net\sourceforge\jexcelapi\jxl\2.6.12\jxl-2.6.12.jar;C:\Users\mdharmagiri\.m2\repository\log4j\log4j\1.2.14\log4j-1.2.14.jar;C:\Users\mdharmagiri\.m2\repository\org\apache\pdfbox\pdfbox-app\2.0.13\pdfbox-app-2.0.13.jar;C:\Users\mdharmagiri\.m2\repository\org\hamcrest\hamcrest-core\1.3\hamcrest-core-1.3.jar;C:\Users\mdharmagiri\.m2\repository\org\hamcrest\hamcrest-library\1.3\hamcrest-library-1.3.jar;C:\Users\mdharmagiri\.m2\repository\com\oracle\jdbc\ojdbc6\12.1.0.2\ojdbc6-12.1.0.2.jar;C:\Users\mdharmagiri\.m2\repository\com\oracle\jdbc\xdb6\12.1.0.2\xdb6-12.1.0.2.jar;C:\Users\mdharmagiri\.m2\repository\com\oracle\jdbc\orai18n\12.1.0.2\orai18n-12.1.0.2.jar;C:\Users\mdharmagiri\.m2\repository\com\oracle\jdbc\xmlparserv2\12.1.0.2\xmlparserv2-12.1.0.2.jar;C:\Users\mdharmagiri\.m2\repository\com\oracle\jdbc\oraclepki\12.1.0.2\oraclepki-12.1.0.2.jar;C:\Users\mdharmagiri\.m2\repository\com\oracle\jdbc\osdt_cert\12.1.0.2\osdt_cert-12.1.0.2.jar;C:\Users\mdharmagiri\.m2\repository\com\oracle\jdbc\osdt_core\12.1.0.2\osdt_core-12.1.0.2.jar;C:\Users\mdharmagiri\.m2\repository\marathon\marathon\5.0\marathon-5.0.jar;C:\Users\mdharmagiri\.m2\repository\marathon\marathon-core\5.0\marathon-core-5.0.jar;C:\Users\mdharmagiri\.m2\repository\marathon\marathon-java\5.0\marathon-java-5.0.jar;C:\Users\mdharmagiri\.m2\repository\marathon\marathon-java-agent\5.0\marathon-java-agent-5.0.jar;C:\Users\mdharmagiri\.m2\repository\marathon\marathon-java-driver\5.0\marathon-java-driver-5.0.jar;C:\Users\mdharmagiri\.m2\repository\marathon\marathon-java-runtime\5.0\marathon-java-runtime-5.0.jar;"/>
    <property name="sun.cpu.endian" value="little"/>
    <property name="user.home" value="C:\Users\mdharmagiri"/>
    <property name="user.language" value="en"/>
    <property name="java.specification.vendor" value="Oracle Corporation"/>
    <property name="java.home" value="C:\Development\jdk8_201\jre"/>
    <property name="basedir" value="C:\accurev_workspaces\qa_ets_tests_cvsmigration_dev\SeleniumTests"/>
    <property name="file.separator" value="\"/>
    <property name="line.separator" value="&#10;"/>
    <property name="java.vm.specification.vendor" value="Oracle Corporation"/>
    <property name="java.specification.name" value="Java Platform API Specification"/>
    <property name="java.awt.graphicsenv" value="sun.awt.Win32GraphicsEnvironment"/>
    <property name="surefire.real.class.path" value="C:\Users\mdharmagiri\AppData\Local\Temp\1\surefire4694419652248678296\surefirebooter1078351949224963508.jar"/>
    <property name="sun.boot.class.path" value="C:\Development\jdk8_201\jre\lib\resources.jar;C:\Development\jdk8_201\jre\lib\rt.jar;C:\Development\jdk8_201\jre\lib\sunrsasign.jar;C:\Development\jdk8_201\jre\lib\jsse.jar;C:\Development\jdk8_201\jre\lib\jce.jar;C:\Development\jdk8_201\jre\lib\charsets.jar;C:\Development\jdk8_201\jre\lib\jfr.jar;C:\Development\jdk8_201\jre\classes"/>
    <property name="user.script" value=""/>
    <property name="sun.management.compiler" value="HotSpot 64-Bit Tiered Compilers"/>
    <property name="java.runtime.version" value="1.8.0_201-b09"/>
    <property name="user.name" value="mdharmagiri"/>
    <property name="path.separator" value=";"/>
    <property name="os.version" value="10.0"/>
    <property name="java.endorsed.dirs" value="C:\Development\jdk8_201\jre\lib\endorsed"/>
    <property name="java.runtime.name" value="Java(TM) SE Runtime Environment"/>
    <property name="file.encoding" value="Cp1252"/>
    <property name="java.vm.name" value="Java HotSpot(TM) 64-Bit Server VM"/>
    <property name="localRepository" value="C:\Users\mdharmagiri\.m2\repository"/>
    <property name="java.vendor.url.bug" value="http://bugreport.sun.com/bugreport/"/>
    <property name="java.io.tmpdir" value="C:\Users\MDHARM~1\AppData\Local\Temp\1\"/>
    <property name="java.version" value="1.8.0_201"/>
    <property name="user.dir" value="C:\accurev_workspaces\qa_ets_tests_cvsmigration_dev\SeleniumTests"/>
    <property name="os.arch" value="amd64"/>
    <property name="java.vm.specification.name" value="Java Virtual Machine Specification"/>
    <property name="java.awt.printerjob" value="sun.awt.windows.WPrinterJob"/>
    <property name="sun.os.patch.level" value=""/>
    <property name="java.library.path" value="C:\Development\jdk8_201\jre\bin;C:\WINDOWS\Sun\Java\bin;C:\WINDOWS\system32;C:\WINDOWS;C:\Development\jdk8_201\bin;C:\apache-maven-3.6.0\bin;C:\oracle\product\12.1.0\client_1;C:\oracle\product\12.1.0\client_1\bin;C:\oracle\product\12.1.0\dbhome_1\bin;C:\WINDOWS\system32;C:\WINDOWS;C:\WINDOWS\System32\Wbem;C:\WINDOWS\System32\WindowsPowerShell\v1.0\;C:\Program Files (x86)\Hyland\Web ActiveX\;C:\Program Files (x86)\AccuRev\bin;C:\Program Files\PuTTY\;C:\Program Files (x86)\AccuRev\bin;C:\WINDOWS\System32\OpenSSH\;C:\Program Files (x86)\Common Files\Oracle\Java\javapath;C:\Users\mdharmagiri\AppData\Local\Microsoft\WindowsApps;;."/>
    <property name="java.vm.info" value="mixed mode"/>
    <property name="java.vendor" value="Oracle Corporation"/>
    <property name="java.vm.version" value="25.201-b09"/>
    <property name="java.ext.dirs" value="C:\Development\jdk8_201\jre\lib\ext;C:\WINDOWS\Sun\Java\lib\ext"/>
    <property name="sun.io.unicode.encoding" value="UnicodeLittle"/>
    <property name="java.class.version" value="52.0"/>
  </properties>
  <testcase name="testOpenChromeBrowserUsingJenkinsURL_assertURLIsJenkins" classname="com.selenium.common.tests.SeleniumBrowsersTest" time="5.915"/>
  <testcase name="testOpenFirefoxBrowserUsingJenkinsURL_assertURLIsJenkins" classname="com.selenium.common.tests.SeleniumBrowsersTest" time="6.382"/>
  <testcase name="testOpenIEBrowserUsingJenkinsURL_assertURLIsJenkins" classname="com.selenium.common.tests.SeleniumBrowsersTest" time="13.992"/>
</testsuite>