<?xml version="1.0" encoding="UTF-8"?>
<!-- Generated by org.testng.reporters.JUnitReportReporter -->
<testsuite hostname="OKM-DEV-F0RZ7H2" name="com.selenium.intuitive.regression.tests.TC_1" tests="1" failures="0" timestamp="19 Sep 2019 18:16:51 GMT" time="12.084" errors="0">
  <testcase name="testTC1" time="12.084" classname="com.selenium.intuitive.regression.tests.TC_1"/>
</testsuite> <!-- com.selenium.intuitive.regression.tests.TC_1 -->
