<?xml version="1.0" encoding="UTF-8"?>
<!-- Generated by org.testng.reporters.JUnitReportReporter -->
<testsuite hostname="OKM-DEV-F0RZ7H2" name="com.selenium.intuitive.regression.tests.UseCase_1" tests="1" failures="0" timestamp="19 Sep 2019 21:43:34 GMT" time="26.287" errors="0">
  <testcase name="UseCase1" time="26.287" classname="com.selenium.intuitive.regression.tests.UseCase_1"/>
</testsuite> <!-- com.selenium.intuitive.regression.tests.UseCase_1 -->
