<?xml version="1.0" encoding="UTF-8"?>
<!-- Generated by org.testng.reporters.JUnitReportReporter -->
<testsuite hostname="OKM-DEV-F0RZ7H2" name="com.selenium.intuitive.regression.tests.UseCase2" tests="1" failures="0" timestamp="19 Sep 2019 22:46:41 GMT" time="10.973" errors="0">
  <testcase name="UseCase2_SelectSpecialty" time="10.973" classname="com.selenium.intuitive.regression.tests.UseCase2"/>
</testsuite> <!-- com.selenium.intuitive.regression.tests.UseCase2 -->
